<?xml version="1.0" encoding="UTF-8"?>
<!-- Generated by org.testng.reporters.JUnitXMLReporter -->
<testsuite ignored="0" hostname="DESKTOP-7O6QIK2" failures="1" tests="1" name="Google(failed)" time="2.478" errors="0" timestamp="2022-06-26T12:11:43 IST">
  <testcase classname="TestNGBasic.google" name="enterTheSearch" time="0.0">
    <failure type="org.testng.TestNGException" message="
Parameter &amp;apos;url&amp;apos; is required by @Test on method enterTheSearch but has not been marked @Optional or defined
in C:\Users\DinnuBunny\git\TestNGPrac\org.TestNGHYR\test-output\OrangeSuite\testng-failed.xml">
      <![CDATA[org.testng.TestNGException: 
Parameter 'url' is required by @Test on method enterTheSearch but has not been marked @Optional or defined
in C:\Users\DinnuBunny\git\TestNGPrac\org.TestNGHYR\test-output\OrangeSuite\testng-failed.xml
at java.base/java.util.ArrayList.forEach(ArrayList.java:1511)
at java.base/java.util.concurrent.FutureTask.run(FutureTask.java:264)
at java.base/java.util.concurrent.ThreadPoolExecutor.runWorker(ThreadPoolExecutor.java:1136)
at java.base/java.util.concurrent.ThreadPoolExecutor$Worker.run(ThreadPoolExecutor.java:635)
at java.base/java.lang.Thread.run(Thread.java:833)
... Removed 17 stack frames]]>
    </failure>
  </testcase> <!-- enterTheSearch -->
</testsuite> <!-- Google(failed) -->
